2025-08-19T08:56:32.783+09:00  INFO 7284 --- [MySpringBootLab] [main] c.r.m.repository.BookRepositoryTest      : Starting BookRepositoryTest using Java 17.0.2 with PID 7284 (started by user in C:\mybackend\SpringBoot\MySpringbootLab)
2025-08-19T08:56:32.788+09:00  INFO 7284 --- [MySpringBootLab] [main] c.r.m.repository.BookRepositoryTest      : The following 1 profile is active: "prod"
2025-08-19T08:56:34.050+09:00  INFO 7284 --- [MySpringBootLab] [main] .s.d.r.c.RepositoryConfigurationDelegate : Bootstrapping Spring Data JPA repositories in DEFAULT mode.
2025-08-19T08:56:34.116+09:00  INFO 7284 --- [MySpringBootLab] [main] .s.d.r.c.RepositoryConfigurationDelegate : Finished Spring Data repository scanning in 47 ms. Found 1 JPA repository interface.
2025-08-19T08:56:34.678+09:00  INFO 7284 --- [MySpringBootLab] [main] o.hibernate.jpa.internal.util.LogHelper  : HHH000204: Processing PersistenceUnitInfo [name: default]
2025-08-19T08:56:34.759+09:00  INFO 7284 --- [MySpringBootLab] [main] org.hibernate.Version                    : HHH000412: Hibernate ORM core version 6.6.22.Final
2025-08-19T08:56:34.806+09:00  INFO 7284 --- [MySpringBootLab] [main] o.h.c.internal.RegionFactoryInitiator    : HHH000026: Second-level cache disabled
2025-08-19T08:56:35.138+09:00  INFO 7284 --- [MySpringBootLab] [main] o.s.o.j.p.SpringPersistenceUnitInfo      : No LoadTimeWeaver setup: ignoring JPA class transformer
2025-08-19T08:56:35.166+09:00  INFO 7284 --- [MySpringBootLab] [main] com.zaxxer.hikari.HikariDataSource       : HikariPool-1 - Starting...
2025-08-19T08:56:35.258+09:00  INFO 7284 --- [MySpringBootLab] [main] com.zaxxer.hikari.pool.HikariPool        : HikariPool-1 - Added connection org.mariadb.jdbc.Connection@87aec6a
2025-08-19T08:56:35.259+09:00  INFO 7284 --- [MySpringBootLab] [main] com.zaxxer.hikari.HikariDataSource       : HikariPool-1 - Start completed.
2025-08-19T08:56:35.283+09:00  WARN 7284 --- [MySpringBootLab] [main] org.hibernate.orm.deprecation            : HHH90000025: MariaDBDialect does not need to be specified explicitly using 'hibernate.dialect' (remove the property setting and it will be selected by default)
2025-08-19T08:56:35.301+09:00  INFO 7284 --- [MySpringBootLab] [main] org.hibernate.orm.connections.pooling    : HHH10001005: Database info:
	Database JDBC URL [Connecting through datasource 'HikariDataSource (HikariPool-1)']
	Database driver: undefined/unknown
	Database version: 10.11.5
	Autocommit mode: undefined/unknown
	Isolation level: undefined/unknown
	Minimum pool size: undefined/unknown
	Maximum pool size: undefined/unknown
2025-08-19T08:56:35.987+09:00  INFO 7284 --- [MySpringBootLab] [main] o.h.e.t.j.p.i.JtaPlatformInitiator       : HHH000489: No JTA platform available (set 'hibernate.transaction.jta.platform' to enable JTA platform integration)
2025-08-19T08:56:36.061+09:00  INFO 7284 --- [MySpringBootLab] [main] j.LocalContainerEntityManagerFactoryBean : Initialized JPA EntityManagerFactory for persistence unit 'default'
2025-08-19T08:56:36.622+09:00  WARN 7284 --- [MySpringBootLab] [main] JpaBaseConfiguration$JpaWebConfiguration : spring.jpa.open-in-view is enabled by default. Therefore, database queries may be performed during view rendering. Explicitly configure spring.jpa.open-in-view to disable this warning
2025-08-19T08:56:36.992+09:00  WARN 7284 --- [MySpringBootLab] [main] ion$DefaultTemplateResolverConfiguration : Cannot find template location: classpath:/templates/ (please add some templates, check your Thymeleaf configuration, or set spring.thymeleaf.check-template-location=false)
2025-08-19T08:56:37.317+09:00  INFO 7284 --- [MySpringBootLab] [main] o.s.b.a.e.web.EndpointLinksResolver      : Exposing 1 endpoint beneath base path '/actuator'
2025-08-19T08:56:37.398+09:00  INFO 7284 --- [MySpringBootLab] [main] c.r.m.repository.BookRepositoryTest      : Started BookRepositoryTest in 4.958 seconds (process running for 6.254)
2025-08-19T08:56:37.407+09:00  INFO 7284 --- [MySpringBootLab] [main] c.r.myspringbootlab.runner.MyPropRunner  : Loaded via @Value -> myprop.port=72
2025-08-19T08:56:37.407+09:00  INFO 7284 --- [MySpringBootLab] [main] c.r.myspringbootlab.runner.MyPropRunner  : Loaded via @ConfigurationProperties -> port=13
2025-08-19T08:56:37.407+09:00  INFO 7284 --- [MySpringBootLab] [main] c.r.myspringbootlab.runner.MyPropRunner  : Active MyEnvironment mode = 운영환경
2025-08-19T08:56:38.124+09:00  WARN 7284 --- [MySpringBootLab] [main] o.m.jdbc.message.server.ErrorPacket      : Error: 1062-23000: Duplicate entry '9788956746425' for key 'UKkibbepcitr0a3cpk3rfr7nihn'
2025-08-19T08:56:38.125+09:00  WARN 7284 --- [MySpringBootLab] [main] o.h.engine.jdbc.spi.SqlExceptionHelper   : SQL Error: 1062, SQLState: 23000
2025-08-19T08:56:38.126+09:00 ERROR 7284 --- [MySpringBootLab] [main] o.h.engine.jdbc.spi.SqlExceptionHelper   : (conn=527) Duplicate entry '9788956746425' for key 'UKkibbepcitr0a3cpk3rfr7nihn'
2025-08-19T08:56:38.151+09:00  WARN 7284 --- [MySpringBootLab] [main] o.m.jdbc.message.server.ErrorPacket      : Error: 1062-23000: Duplicate entry '9788956746425' for key 'UKkibbepcitr0a3cpk3rfr7nihn'
2025-08-19T08:56:38.153+09:00  WARN 7284 --- [MySpringBootLab] [main] o.h.engine.jdbc.spi.SqlExceptionHelper   : SQL Error: 1062, SQLState: 23000
2025-08-19T08:56:38.153+09:00 ERROR 7284 --- [MySpringBootLab] [main] o.h.engine.jdbc.spi.SqlExceptionHelper   : (conn=527) Duplicate entry '9788956746425' for key 'UKkibbepcitr0a3cpk3rfr7nihn'
2025-08-19T08:56:38.159+09:00  WARN 7284 --- [MySpringBootLab] [main] o.s.test.context.TestContextManager      : Caught exception while invoking 'afterTestMethod' callback on TestExecutionListener [org.springframework.test.context.transaction.TransactionalTestExecutionListener] for test method [public void com.rookies4.myspringbootlab.BookRepositoryTest.testDeleteBook()] and test instance [com.rookies4.myspringbootlab.BookRepositoryTest@4e0a5606]

org.springframework.transaction.UnexpectedRollbackException: Transaction silently rolled back because it has been marked as rollback-only
	at org.springframework.transaction.support.AbstractPlatformTransactionManager.processCommit(AbstractPlatformTransactionManager.java:804) ~[spring-tx-6.2.9.jar:6.2.9]
	at org.springframework.transaction.support.AbstractPlatformTransactionManager.commit(AbstractPlatformTransactionManager.java:758) ~[spring-tx-6.2.9.jar:6.2.9]
	at org.springframework.test.context.transaction.TransactionContext.endTransaction(TransactionContext.java:135) ~[spring-test-6.2.9.jar:6.2.9]
	at org.springframework.test.context.transaction.TransactionalTestExecutionListener.afterTestMethod(TransactionalTestExecutionListener.java:272) ~[spring-test-6.2.9.jar:6.2.9]
	at org.springframework.test.context.TestContextManager.afterTestMethod(TestContextManager.java:488) ~[spring-test-6.2.9.jar:6.2.9]
	at org.springframework.test.context.junit.jupiter.SpringExtension.afterEach(SpringExtension.java:274) ~[spring-test-6.2.9.jar:6.2.9]
	at org.junit.jupiter.engine.descriptor.TestMethodTestDescriptor.lambda$invokeAfterEachCallbacks$13(TestMethodTestDescriptor.java:260) ~[junit-jupiter-engine-5.11.4.jar:5.11.4]
	at org.junit.jupiter.engine.descriptor.TestMethodTestDescriptor.lambda$invokeAllAfterMethodsOrCallbacks$14(TestMethodTestDescriptor.java:276) ~[junit-jupiter-engine-5.11.4.jar:5.11.4]
	at org.junit.platform.engine.support.hierarchical.ThrowableCollector.execute(ThrowableCollector.java:73) ~[junit-platform-engine-1.11.4.jar:1.11.4]
	at org.junit.jupiter.engine.descriptor.TestMethodTestDescriptor.lambda$invokeAllAfterMethodsOrCallbacks$15(TestMethodTestDescriptor.java:276) ~[junit-jupiter-engine-5.11.4.jar:5.11.4]
	at org.junit.platform.commons.util.CollectionUtils.forEachInReverseOrder(CollectionUtils.java:240) ~[junit-platform-commons-1.11.4.jar:1.11.4]
	at org.junit.jupiter.engine.descriptor.TestMethodTestDescriptor.invokeAllAfterMethodsOrCallbacks(TestMethodTestDescriptor.java:275) ~[junit-jupiter-engine-5.11.4.jar:5.11.4]
	at org.junit.jupiter.engine.descriptor.TestMethodTestDescriptor.invokeAfterEachCallbacks(TestMethodTestDescriptor.java:259) ~[junit-jupiter-engine-5.11.4.jar:5.11.4]
	at org.junit.jupiter.engine.descriptor.TestMethodTestDescriptor.execute(TestMethodTestDescriptor.java:144) ~[junit-jupiter-engine-5.11.4.jar:5.11.4]
	at org.junit.jupiter.engine.descriptor.TestMethodTestDescriptor.execute(TestMethodTestDescriptor.java:68) ~[junit-jupiter-engine-5.11.4.jar:5.11.4]
	at org.junit.platform.engine.support.hierarchical.NodeTestTask.lambda$executeRecursively$6(NodeTestTask.java:156) ~[junit-platform-engine-1.11.4.jar:1.11.4]
	at org.junit.platform.engine.support.hierarchical.ThrowableCollector.execute(ThrowableCollector.java:73) ~[junit-platform-engine-1.11.4.jar:1.11.4]
	at org.junit.platform.engine.support.hierarchical.NodeTestTask.lambda$executeRecursively$8(NodeTestTask.java:146) ~[junit-platform-engine-1.11.4.jar:1.11.4]
	at org.junit.platform.engine.support.hierarchical.Node.around(Node.java:137) ~[junit-platform-engine-1.11.4.jar:1.11.4]
	at org.junit.platform.engine.support.hierarchical.NodeTestTask.lambda$executeRecursively$9(NodeTestTask.java:144) ~[junit-platform-engine-1.11.4.jar:1.11.4]
	at org.junit.platform.engine.support.hierarchical.ThrowableCollector.execute(ThrowableCollector.java:73) ~[junit-platform-engine-1.11.4.jar:1.11.4]
	at org.junit.platform.engine.support.hierarchical.NodeTestTask.executeRecursively(NodeTestTask.java:143) ~[junit-platform-engine-1.11.4.jar:1.11.4]
	at org.junit.platform.engine.support.hierarchical.NodeTestTask.execute(NodeTestTask.java:100) ~[junit-platform-engine-1.11.4.jar:1.11.4]
	at java.base/java.util.ArrayList.forEach(ArrayList.java:1511) ~[na:na]
	at org.junit.platform.engine.support.hierarchical.SameThreadHierarchicalTestExecutorService.invokeAll(SameThreadHierarchicalTestExecutorService.java:41) ~[junit-platform-engine-1.11.4.jar:1.11.4]
	at org.junit.platform.engine.support.hierarchical.NodeTestTask.lambda$executeRecursively$6(NodeTestTask.java:160) ~[junit-platform-engine-1.11.4.jar:1.11.4]
	at org.junit.platform.engine.support.hierarchical.ThrowableCollector.execute(ThrowableCollector.java:73) ~[junit-platform-engine-1.11.4.jar:1.11.4]
	at org.junit.platform.engine.support.hierarchical.NodeTestTask.lambda$executeRecursively$8(NodeTestTask.java:146) ~[junit-platform-engine-1.11.4.jar:1.11.4]
	at org.junit.platform.engine.support.hierarchical.Node.around(Node.java:137) ~[junit-platform-engine-1.11.4.jar:1.11.4]
	at org.junit.platform.engine.support.hierarchical.NodeTestTask.lambda$executeRecursively$9(NodeTestTask.java:144) ~[junit-platform-engine-1.11.4.jar:1.11.4]
	at org.junit.platform.engine.support.hierarchical.ThrowableCollector.execute(ThrowableCollector.java:73) ~[junit-platform-engine-1.11.4.jar:1.11.4]
	at org.junit.platform.engine.support.hierarchical.NodeTestTask.executeRecursively(NodeTestTask.java:143) ~[junit-platform-engine-1.11.4.jar:1.11.4]
	at org.junit.platform.engine.support.hierarchical.NodeTestTask.execute(NodeTestTask.java:100) ~[junit-platform-engine-1.11.4.jar:1.11.4]
	at java.base/java.util.ArrayList.forEach(ArrayList.java:1511) ~[na:na]
	at org.junit.platform.engine.support.hierarchical.SameThreadHierarchicalTestExecutorService.invokeAll(SameThreadHierarchicalTestExecutorService.java:41) ~[junit-platform-engine-1.11.4.jar:1.11.4]
	at org.junit.platform.engine.support.hierarchical.NodeTestTask.lambda$executeRecursively$6(NodeTestTask.java:160) ~[junit-platform-engine-1.11.4.jar:1.11.4]
	at org.junit.platform.engine.support.hierarchical.ThrowableCollector.execute(ThrowableCollector.java:73) ~[junit-platform-engine-1.11.4.jar:1.11.4]
	at org.junit.platform.engine.support.hierarchical.NodeTestTask.lambda$executeRecursively$8(NodeTestTask.java:146) ~[junit-platform-engine-1.11.4.jar:1.11.4]
	at org.junit.platform.engine.support.hierarchical.Node.around(Node.java:137) ~[junit-platform-engine-1.11.4.jar:1.11.4]
	at org.junit.platform.engine.support.hierarchical.NodeTestTask.lambda$executeRecursively$9(NodeTestTask.java:144) ~[junit-platform-engine-1.11.4.jar:1.11.4]
	at org.junit.platform.engine.support.hierarchical.ThrowableCollector.execute(ThrowableCollector.java:73) ~[junit-platform-engine-1.11.4.jar:1.11.4]
	at org.junit.platform.engine.support.hierarchical.NodeTestTask.executeRecursively(NodeTestTask.java:143) ~[junit-platform-engine-1.11.4.jar:1.11.4]
	at org.junit.platform.engine.support.hierarchical.NodeTestTask.execute(NodeTestTask.java:100) ~[junit-platform-engine-1.11.4.jar:1.11.4]
	at org.junit.platform.engine.support.hierarchical.SameThreadHierarchicalTestExecutorService.submit(SameThreadHierarchicalTestExecutorService.java:35) ~[junit-platform-engine-1.11.4.jar:1.11.4]
	at org.junit.platform.engine.support.hierarchical.HierarchicalTestExecutor.execute(HierarchicalTestExecutor.java:57) ~[junit-platform-engine-1.11.4.jar:1.11.4]
	at org.junit.platform.engine.support.hierarchical.HierarchicalTestEngine.execute(HierarchicalTestEngine.java:54) ~[junit-platform-engine-1.11.4.jar:1.11.4]
	at org.junit.platform.launcher.core.EngineExecutionOrchestrator.execute(EngineExecutionOrchestrator.java:198) ~[junit-platform-launcher-1.11.4.jar:1.11.4]
	at org.junit.platform.launcher.core.EngineExecutionOrchestrator.execute(EngineExecutionOrchestrator.java:169) ~[junit-platform-launcher-1.11.4.jar:1.11.4]
	at org.junit.platform.launcher.core.EngineExecutionOrchestrator.execute(EngineExecutionOrchestrator.java:93) ~[junit-platform-launcher-1.11.4.jar:1.11.4]
	at org.junit.platform.launcher.core.EngineExecutionOrchestrator.lambda$execute$0(EngineExecutionOrchestrator.java:58) ~[junit-platform-launcher-1.11.4.jar:1.11.4]
	at org.junit.platform.launcher.core.EngineExecutionOrchestrator.withInterceptedStreams(EngineExecutionOrchestrator.java:141) ~[junit-platform-launcher-1.11.4.jar:1.11.4]
	at org.junit.platform.launcher.core.EngineExecutionOrchestrator.execute(EngineExecutionOrchestrator.java:57) ~[junit-platform-launcher-1.11.4.jar:1.11.4]
	at org.junit.platform.launcher.core.DefaultLauncher.execute(DefaultLauncher.java:103) ~[junit-platform-launcher-1.11.4.jar:1.11.4]
	at org.junit.platform.launcher.core.DefaultLauncher.execute(DefaultLauncher.java:85) ~[junit-platform-launcher-1.11.4.jar:1.11.4]
	at org.junit.platform.launcher.core.DelegatingLauncher.execute(DelegatingLauncher.java:47) ~[junit-platform-launcher-1.11.4.jar:1.11.4]
	at org.junit.platform.launcher.core.SessionPerRequestLauncher.execute(SessionPerRequestLauncher.java:63) ~[junit-platform-launcher-1.11.4.jar:1.11.4]
	at com.intellij.junit5.JUnit5IdeaTestRunner.startRunnerWithArgs(JUnit5IdeaTestRunner.java:66) ~[junit5-rt.jar:na]
	at com.intellij.rt.junit.IdeaTestRunner$Repeater$1.execute(IdeaTestRunner.java:38) ~[junit-rt.jar:na]
	at com.intellij.rt.execution.junit.TestsRepeater.repeat(TestsRepeater.java:11) ~[idea_rt.jar:na]
	at com.intellij.rt.junit.IdeaTestRunner$Repeater.startRunnerWithArgs(IdeaTestRunner.java:35) ~[junit-rt.jar:na]
	at com.intellij.rt.junit.JUnitStarter.prepareStreamsAndStart(JUnitStarter.java:231) ~[junit-rt.jar:na]
	at com.intellij.rt.junit.JUnitStarter.main(JUnitStarter.java:55) ~[junit-rt.jar:na]

2025-08-19T08:56:38.181+09:00  INFO 7284 --- [MySpringBootLab] [SpringApplicationShutdownHook] j.LocalContainerEntityManagerFactoryBean : Closing JPA EntityManagerFactory for persistence unit 'default'
2025-08-19T08:56:38.184+09:00  INFO 7284 --- [MySpringBootLab] [SpringApplicationShutdownHook] com.zaxxer.hikari.HikariDataSource       : HikariPool-1 - Shutdown initiated...
2025-08-19T08:56:38.189+09:00  INFO 7284 --- [MySpringBootLab] [SpringApplicationShutdownHook] com.zaxxer.hikari.HikariDataSource       : HikariPool-1 - Shutdown completed.
2025-08-19T09:11:44.517+09:00  INFO 916 --- [MySpringBootLab] [main] c.r.myspringbootlab.BookRepositoryTest   : Starting BookRepositoryTest using Java 17.0.2 with PID 916 (started by user in C:\mybackend\SpringBoot\MySpringbootLab)
2025-08-19T09:11:44.519+09:00  INFO 916 --- [MySpringBootLab] [main] c.r.myspringbootlab.BookRepositoryTest   : The following 1 profile is active: "prod"
2025-08-19T09:11:45.445+09:00  INFO 916 --- [MySpringBootLab] [main] .s.d.r.c.RepositoryConfigurationDelegate : Bootstrapping Spring Data JPA repositories in DEFAULT mode.
2025-08-19T09:11:45.515+09:00  INFO 916 --- [MySpringBootLab] [main] .s.d.r.c.RepositoryConfigurationDelegate : Finished Spring Data repository scanning in 55 ms. Found 1 JPA repository interface.
2025-08-19T09:11:45.981+09:00  INFO 916 --- [MySpringBootLab] [main] o.hibernate.jpa.internal.util.LogHelper  : HHH000204: Processing PersistenceUnitInfo [name: default]
2025-08-19T09:11:46.040+09:00  INFO 916 --- [MySpringBootLab] [main] org.hibernate.Version                    : HHH000412: Hibernate ORM core version 6.6.22.Final
2025-08-19T09:11:46.088+09:00  INFO 916 --- [MySpringBootLab] [main] o.h.c.internal.RegionFactoryInitiator    : HHH000026: Second-level cache disabled
2025-08-19T09:11:46.501+09:00  INFO 916 --- [MySpringBootLab] [main] o.s.o.j.p.SpringPersistenceUnitInfo      : No LoadTimeWeaver setup: ignoring JPA class transformer
2025-08-19T09:11:46.535+09:00  INFO 916 --- [MySpringBootLab] [main] com.zaxxer.hikari.HikariDataSource       : HikariPool-1 - Starting...
2025-08-19T09:11:46.627+09:00  INFO 916 --- [MySpringBootLab] [main] com.zaxxer.hikari.pool.HikariPool        : HikariPool-1 - Added connection org.mariadb.jdbc.Connection@42d174ad
2025-08-19T09:11:46.628+09:00  INFO 916 --- [MySpringBootLab] [main] com.zaxxer.hikari.HikariDataSource       : HikariPool-1 - Start completed.
2025-08-19T09:11:46.647+09:00  WARN 916 --- [MySpringBootLab] [main] org.hibernate.orm.deprecation            : HHH90000025: MariaDBDialect does not need to be specified explicitly using 'hibernate.dialect' (remove the property setting and it will be selected by default)
2025-08-19T09:11:46.663+09:00  INFO 916 --- [MySpringBootLab] [main] org.hibernate.orm.connections.pooling    : HHH10001005: Database info:
	Database JDBC URL [Connecting through datasource 'HikariDataSource (HikariPool-1)']
	Database driver: undefined/unknown
	Database version: 10.11.5
	Autocommit mode: undefined/unknown
	Isolation level: undefined/unknown
	Minimum pool size: undefined/unknown
	Maximum pool size: undefined/unknown
2025-08-19T09:11:47.338+09:00  INFO 916 --- [MySpringBootLab] [main] o.h.e.t.j.p.i.JtaPlatformInitiator       : HHH000489: No JTA platform available (set 'hibernate.transaction.jta.platform' to enable JTA platform integration)
2025-08-19T09:11:47.407+09:00  INFO 916 --- [MySpringBootLab] [main] j.LocalContainerEntityManagerFactoryBean : Initialized JPA EntityManagerFactory for persistence unit 'default'
2025-08-19T09:11:47.913+09:00  WARN 916 --- [MySpringBootLab] [main] JpaBaseConfiguration$JpaWebConfiguration : spring.jpa.open-in-view is enabled by default. Therefore, database queries may be performed during view rendering. Explicitly configure spring.jpa.open-in-view to disable this warning
2025-08-19T09:11:48.240+09:00  WARN 916 --- [MySpringBootLab] [main] ion$DefaultTemplateResolverConfiguration : Cannot find template location: classpath:/templates/ (please add some templates, check your Thymeleaf configuration, or set spring.thymeleaf.check-template-location=false)
2025-08-19T09:11:48.598+09:00  INFO 916 --- [MySpringBootLab] [main] o.s.b.a.e.web.EndpointLinksResolver      : Exposing 1 endpoint beneath base path '/actuator'
2025-08-19T09:11:48.683+09:00  INFO 916 --- [MySpringBootLab] [main] c.r.myspringbootlab.BookRepositoryTest   : Started BookRepositoryTest in 4.498 seconds (process running for 5.469)
2025-08-19T09:11:48.727+09:00  INFO 916 --- [MySpringBootLab] [main] c.r.myspringbootlab.runner.MyPropRunner  : MyBootProperties getUsername() = Prod Env
2025-08-19T09:11:48.727+09:00  INFO 916 --- [MySpringBootLab] [main] c.r.myspringbootlab.runner.MyPropRunner  : MyBootProperties getPort() = 70
2025-08-19T09:11:48.727+09:00  INFO 916 --- [MySpringBootLab] [main] c.r.myspringbootlab.runner.MyPropRunner  : 설정된 Port 번호 = null
2025-08-19T09:11:48.728+09:00  INFO 916 --- [MySpringBootLab] [main] c.r.myspringbootlab.runner.MyPropRunner  : 현재 활성화된 MyEnvironment Bean = MyEnvironment(mode=운영환경)
2025-08-19T09:11:49.431+09:00  WARN 916 --- [MySpringBootLab] [main] o.m.jdbc.message.server.ErrorPacket      : Error: 1062-23000: Duplicate entry '9788956746425' for key 'UKkibbepcitr0a3cpk3rfr7nihn'
2025-08-19T09:11:49.432+09:00  WARN 916 --- [MySpringBootLab] [main] o.h.engine.jdbc.spi.SqlExceptionHelper   : SQL Error: 1062, SQLState: 23000
2025-08-19T09:11:49.432+09:00 ERROR 916 --- [MySpringBootLab] [main] o.h.engine.jdbc.spi.SqlExceptionHelper   : (conn=537) Duplicate entry '9788956746425' for key 'UKkibbepcitr0a3cpk3rfr7nihn'
2025-08-19T09:11:49.457+09:00  WARN 916 --- [MySpringBootLab] [main] o.m.jdbc.message.server.ErrorPacket      : Error: 1062-23000: Duplicate entry '9788956746425' for key 'UKkibbepcitr0a3cpk3rfr7nihn'
2025-08-19T09:11:49.458+09:00  WARN 916 --- [MySpringBootLab] [main] o.h.engine.jdbc.spi.SqlExceptionHelper   : SQL Error: 1062, SQLState: 23000
2025-08-19T09:11:49.458+09:00 ERROR 916 --- [MySpringBootLab] [main] o.h.engine.jdbc.spi.SqlExceptionHelper   : (conn=537) Duplicate entry '9788956746425' for key 'UKkibbepcitr0a3cpk3rfr7nihn'
2025-08-19T09:11:49.463+09:00  WARN 916 --- [MySpringBootLab] [main] o.s.test.context.TestContextManager      : Caught exception while invoking 'afterTestMethod' callback on TestExecutionListener [org.springframework.test.context.transaction.TransactionalTestExecutionListener] for test method [public void com.rookies4.myspringbootlab.BookRepositoryTest.testDeleteBook()] and test instance [com.rookies4.myspringbootlab.BookRepositoryTest@322f6283]

org.springframework.transaction.UnexpectedRollbackException: Transaction silently rolled back because it has been marked as rollback-only
	at org.springframework.transaction.support.AbstractPlatformTransactionManager.processCommit(AbstractPlatformTransactionManager.java:804) ~[spring-tx-6.2.9.jar:6.2.9]
	at org.springframework.transaction.support.AbstractPlatformTransactionManager.commit(AbstractPlatformTransactionManager.java:758) ~[spring-tx-6.2.9.jar:6.2.9]
	at org.springframework.test.context.transaction.TransactionContext.endTransaction(TransactionContext.java:135) ~[spring-test-6.2.9.jar:6.2.9]
	at org.springframework.test.context.transaction.TransactionalTestExecutionListener.afterTestMethod(TransactionalTestExecutionListener.java:272) ~[spring-test-6.2.9.jar:6.2.9]
	at org.springframework.test.context.TestContextManager.afterTestMethod(TestContextManager.java:488) ~[spring-test-6.2.9.jar:6.2.9]
	at org.springframework.test.context.junit.jupiter.SpringExtension.afterEach(SpringExtension.java:274) ~[spring-test-6.2.9.jar:6.2.9]
	at org.junit.jupiter.engine.descriptor.TestMethodTestDescriptor.lambda$invokeAfterEachCallbacks$13(TestMethodTestDescriptor.java:260) ~[junit-jupiter-engine-5.11.4.jar:5.11.4]
	at org.junit.jupiter.engine.descriptor.TestMethodTestDescriptor.lambda$invokeAllAfterMethodsOrCallbacks$14(TestMethodTestDescriptor.java:276) ~[junit-jupiter-engine-5.11.4.jar:5.11.4]
	at org.junit.platform.engine.support.hierarchical.ThrowableCollector.execute(ThrowableCollector.java:73) ~[junit-platform-engine-1.11.4.jar:1.11.4]
	at org.junit.jupiter.engine.descriptor.TestMethodTestDescriptor.lambda$invokeAllAfterMethodsOrCallbacks$15(TestMethodTestDescriptor.java:276) ~[junit-jupiter-engine-5.11.4.jar:5.11.4]
	at org.junit.platform.commons.util.CollectionUtils.forEachInReverseOrder(CollectionUtils.java:240) ~[junit-platform-commons-1.11.4.jar:1.11.4]
	at org.junit.jupiter.engine.descriptor.TestMethodTestDescriptor.invokeAllAfterMethodsOrCallbacks(TestMethodTestDescriptor.java:275) ~[junit-jupiter-engine-5.11.4.jar:5.11.4]
	at org.junit.jupiter.engine.descriptor.TestMethodTestDescriptor.invokeAfterEachCallbacks(TestMethodTestDescriptor.java:259) ~[junit-jupiter-engine-5.11.4.jar:5.11.4]
	at org.junit.jupiter.engine.descriptor.TestMethodTestDescriptor.execute(TestMethodTestDescriptor.java:144) ~[junit-jupiter-engine-5.11.4.jar:5.11.4]
	at org.junit.jupiter.engine.descriptor.TestMethodTestDescriptor.execute(TestMethodTestDescriptor.java:68) ~[junit-jupiter-engine-5.11.4.jar:5.11.4]
	at org.junit.platform.engine.support.hierarchical.NodeTestTask.lambda$executeRecursively$6(NodeTestTask.java:156) ~[junit-platform-engine-1.11.4.jar:1.11.4]
	at org.junit.platform.engine.support.hierarchical.ThrowableCollector.execute(ThrowableCollector.java:73) ~[junit-platform-engine-1.11.4.jar:1.11.4]
	at org.junit.platform.engine.support.hierarchical.NodeTestTask.lambda$executeRecursively$8(NodeTestTask.java:146) ~[junit-platform-engine-1.11.4.jar:1.11.4]
	at org.junit.platform.engine.support.hierarchical.Node.around(Node.java:137) ~[junit-platform-engine-1.11.4.jar:1.11.4]
	at org.junit.platform.engine.support.hierarchical.NodeTestTask.lambda$executeRecursively$9(NodeTestTask.java:144) ~[junit-platform-engine-1.11.4.jar:1.11.4]
	at org.junit.platform.engine.support.hierarchical.ThrowableCollector.execute(ThrowableCollector.java:73) ~[junit-platform-engine-1.11.4.jar:1.11.4]
	at org.junit.platform.engine.support.hierarchical.NodeTestTask.executeRecursively(NodeTestTask.java:143) ~[junit-platform-engine-1.11.4.jar:1.11.4]
	at org.junit.platform.engine.support.hierarchical.NodeTestTask.execute(NodeTestTask.java:100) ~[junit-platform-engine-1.11.4.jar:1.11.4]
	at java.base/java.util.ArrayList.forEach(ArrayList.java:1511) ~[na:na]
	at org.junit.platform.engine.support.hierarchical.SameThreadHierarchicalTestExecutorService.invokeAll(SameThreadHierarchicalTestExecutorService.java:41) ~[junit-platform-engine-1.11.4.jar:1.11.4]
	at org.junit.platform.engine.support.hierarchical.NodeTestTask.lambda$executeRecursively$6(NodeTestTask.java:160) ~[junit-platform-engine-1.11.4.jar:1.11.4]
	at org.junit.platform.engine.support.hierarchical.ThrowableCollector.execute(ThrowableCollector.java:73) ~[junit-platform-engine-1.11.4.jar:1.11.4]
	at org.junit.platform.engine.support.hierarchical.NodeTestTask.lambda$executeRecursively$8(NodeTestTask.java:146) ~[junit-platform-engine-1.11.4.jar:1.11.4]
	at org.junit.platform.engine.support.hierarchical.Node.around(Node.java:137) ~[junit-platform-engine-1.11.4.jar:1.11.4]
	at org.junit.platform.engine.support.hierarchical.NodeTestTask.lambda$executeRecursively$9(NodeTestTask.java:144) ~[junit-platform-engine-1.11.4.jar:1.11.4]
	at org.junit.platform.engine.support.hierarchical.ThrowableCollector.execute(ThrowableCollector.java:73) ~[junit-platform-engine-1.11.4.jar:1.11.4]
	at org.junit.platform.engine.support.hierarchical.NodeTestTask.executeRecursively(NodeTestTask.java:143) ~[junit-platform-engine-1.11.4.jar:1.11.4]
	at org.junit.platform.engine.support.hierarchical.NodeTestTask.execute(NodeTestTask.java:100) ~[junit-platform-engine-1.11.4.jar:1.11.4]
	at java.base/java.util.ArrayList.forEach(ArrayList.java:1511) ~[na:na]
	at org.junit.platform.engine.support.hierarchical.SameThreadHierarchicalTestExecutorService.invokeAll(SameThreadHierarchicalTestExecutorService.java:41) ~[junit-platform-engine-1.11.4.jar:1.11.4]
	at org.junit.platform.engine.support.hierarchical.NodeTestTask.lambda$executeRecursively$6(NodeTestTask.java:160) ~[junit-platform-engine-1.11.4.jar:1.11.4]
	at org.junit.platform.engine.support.hierarchical.ThrowableCollector.execute(ThrowableCollector.java:73) ~[junit-platform-engine-1.11.4.jar:1.11.4]
	at org.junit.platform.engine.support.hierarchical.NodeTestTask.lambda$executeRecursively$8(NodeTestTask.java:146) ~[junit-platform-engine-1.11.4.jar:1.11.4]
	at org.junit.platform.engine.support.hierarchical.Node.around(Node.java:137) ~[junit-platform-engine-1.11.4.jar:1.11.4]
	at org.junit.platform.engine.support.hierarchical.NodeTestTask.lambda$executeRecursively$9(NodeTestTask.java:144) ~[junit-platform-engine-1.11.4.jar:1.11.4]
	at org.junit.platform.engine.support.hierarchical.ThrowableCollector.execute(ThrowableCollector.java:73) ~[junit-platform-engine-1.11.4.jar:1.11.4]
	at org.junit.platform.engine.support.hierarchical.NodeTestTask.executeRecursively(NodeTestTask.java:143) ~[junit-platform-engine-1.11.4.jar:1.11.4]
	at org.junit.platform.engine.support.hierarchical.NodeTestTask.execute(NodeTestTask.java:100) ~[junit-platform-engine-1.11.4.jar:1.11.4]
	at org.junit.platform.engine.support.hierarchical.SameThreadHierarchicalTestExecutorService.submit(SameThreadHierarchicalTestExecutorService.java:35) ~[junit-platform-engine-1.11.4.jar:1.11.4]
	at org.junit.platform.engine.support.hierarchical.HierarchicalTestExecutor.execute(HierarchicalTestExecutor.java:57) ~[junit-platform-engine-1.11.4.jar:1.11.4]
	at org.junit.platform.engine.support.hierarchical.HierarchicalTestEngine.execute(HierarchicalTestEngine.java:54) ~[junit-platform-engine-1.11.4.jar:1.11.4]
	at org.junit.platform.launcher.core.EngineExecutionOrchestrator.execute(EngineExecutionOrchestrator.java:198) ~[junit-platform-launcher-1.11.4.jar:1.11.4]
	at org.junit.platform.launcher.core.EngineExecutionOrchestrator.execute(EngineExecutionOrchestrator.java:169) ~[junit-platform-launcher-1.11.4.jar:1.11.4]
	at org.junit.platform.launcher.core.EngineExecutionOrchestrator.execute(EngineExecutionOrchestrator.java:93) ~[junit-platform-launcher-1.11.4.jar:1.11.4]
	at org.junit.platform.launcher.core.EngineExecutionOrchestrator.lambda$execute$0(EngineExecutionOrchestrator.java:58) ~[junit-platform-launcher-1.11.4.jar:1.11.4]
	at org.junit.platform.launcher.core.EngineExecutionOrchestrator.withInterceptedStreams(EngineExecutionOrchestrator.java:141) ~[junit-platform-launcher-1.11.4.jar:1.11.4]
	at org.junit.platform.launcher.core.EngineExecutionOrchestrator.execute(EngineExecutionOrchestrator.java:57) ~[junit-platform-launcher-1.11.4.jar:1.11.4]
	at org.junit.platform.launcher.core.DefaultLauncher.execute(DefaultLauncher.java:103) ~[junit-platform-launcher-1.11.4.jar:1.11.4]
	at org.junit.platform.launcher.core.DefaultLauncher.execute(DefaultLauncher.java:85) ~[junit-platform-launcher-1.11.4.jar:1.11.4]
	at org.junit.platform.launcher.core.DelegatingLauncher.execute(DelegatingLauncher.java:47) ~[junit-platform-launcher-1.11.4.jar:1.11.4]
	at org.junit.platform.launcher.core.SessionPerRequestLauncher.execute(SessionPerRequestLauncher.java:63) ~[junit-platform-launcher-1.11.4.jar:1.11.4]
	at com.intellij.junit5.JUnit5IdeaTestRunner.startRunnerWithArgs(JUnit5IdeaTestRunner.java:66) ~[junit5-rt.jar:na]
	at com.intellij.rt.junit.IdeaTestRunner$Repeater$1.execute(IdeaTestRunner.java:38) ~[junit-rt.jar:na]
	at com.intellij.rt.execution.junit.TestsRepeater.repeat(TestsRepeater.java:11) ~[idea_rt.jar:na]
	at com.intellij.rt.junit.IdeaTestRunner$Repeater.startRunnerWithArgs(IdeaTestRunner.java:35) ~[junit-rt.jar:na]
	at com.intellij.rt.junit.JUnitStarter.prepareStreamsAndStart(JUnitStarter.java:231) ~[junit-rt.jar:na]
	at com.intellij.rt.junit.JUnitStarter.main(JUnitStarter.java:55) ~[junit-rt.jar:na]

2025-08-19T09:11:49.483+09:00  INFO 916 --- [MySpringBootLab] [SpringApplicationShutdownHook] j.LocalContainerEntityManagerFactoryBean : Closing JPA EntityManagerFactory for persistence unit 'default'
2025-08-19T09:11:49.486+09:00  INFO 916 --- [MySpringBootLab] [SpringApplicationShutdownHook] com.zaxxer.hikari.HikariDataSource       : HikariPool-1 - Shutdown initiated...
2025-08-19T09:11:49.491+09:00  INFO 916 --- [MySpringBootLab] [SpringApplicationShutdownHook] com.zaxxer.hikari.HikariDataSource       : HikariPool-1 - Shutdown completed.
2025-08-19T17:35:24.928+09:00  INFO 13976 --- [MySpringBootLab] [restartedMain] c.r.m.MySpringBootLabApplication         : Starting MySpringBootLabApplication using Java 17.0.2 with PID 13976 (C:\mybackend\SpringBoot\MySpringbootLab\target\classes started by user in C:\mybackend\SpringBoot\MySpringbootLab)
2025-08-19T17:35:24.931+09:00  INFO 13976 --- [MySpringBootLab] [restartedMain] c.r.m.MySpringBootLabApplication         : The following 1 profile is active: "prod"
2025-08-19T17:35:24.975+09:00  INFO 13976 --- [MySpringBootLab] [restartedMain] .e.DevToolsPropertyDefaultsPostProcessor : Devtools property defaults active! Set 'spring.devtools.add-properties' to 'false' to disable
2025-08-19T17:35:24.975+09:00  INFO 13976 --- [MySpringBootLab] [restartedMain] .e.DevToolsPropertyDefaultsPostProcessor : For additional web related logging consider setting the 'logging.level.web' property to 'DEBUG'
2025-08-19T17:35:25.844+09:00  INFO 13976 --- [MySpringBootLab] [restartedMain] .s.d.r.c.RepositoryConfigurationDelegate : Bootstrapping Spring Data JPA repositories in DEFAULT mode.
2025-08-19T17:35:25.889+09:00  INFO 13976 --- [MySpringBootLab] [restartedMain] .s.d.r.c.RepositoryConfigurationDelegate : Finished Spring Data repository scanning in 35 ms. Found 1 JPA repository interface.
2025-08-19T17:35:26.471+09:00  INFO 13976 --- [MySpringBootLab] [restartedMain] o.s.b.w.embedded.tomcat.TomcatWebServer  : Tomcat initialized with port 8080 (http)
2025-08-19T17:35:26.487+09:00  INFO 13976 --- [MySpringBootLab] [restartedMain] o.apache.catalina.core.StandardService   : Starting service [Tomcat]
2025-08-19T17:35:26.488+09:00  INFO 13976 --- [MySpringBootLab] [restartedMain] o.apache.catalina.core.StandardEngine    : Starting Servlet engine: [Apache Tomcat/10.1.43]
2025-08-19T17:35:26.535+09:00  INFO 13976 --- [MySpringBootLab] [restartedMain] o.a.c.c.C.[Tomcat].[localhost].[/]       : Initializing Spring embedded WebApplicationContext
2025-08-19T17:35:26.535+09:00  INFO 13976 --- [MySpringBootLab] [restartedMain] w.s.c.ServletWebServerApplicationContext : Root WebApplicationContext: initialization completed in 1560 ms
2025-08-19T17:35:26.838+09:00  INFO 13976 --- [MySpringBootLab] [restartedMain] o.hibernate.jpa.internal.util.LogHelper  : HHH000204: Processing PersistenceUnitInfo [name: default]
2025-08-19T17:35:26.897+09:00  INFO 13976 --- [MySpringBootLab] [restartedMain] org.hibernate.Version                    : HHH000412: Hibernate ORM core version 6.6.22.Final
2025-08-19T17:35:26.941+09:00  INFO 13976 --- [MySpringBootLab] [restartedMain] o.h.c.internal.RegionFactoryInitiator    : HHH000026: Second-level cache disabled
2025-08-19T17:35:27.244+09:00  INFO 13976 --- [MySpringBootLab] [restartedMain] o.s.o.j.p.SpringPersistenceUnitInfo      : No LoadTimeWeaver setup: ignoring JPA class transformer
2025-08-19T17:35:27.281+09:00  INFO 13976 --- [MySpringBootLab] [restartedMain] com.zaxxer.hikari.HikariDataSource       : HikariPool-1 - Starting...
2025-08-19T17:35:27.354+09:00  INFO 13976 --- [MySpringBootLab] [restartedMain] com.zaxxer.hikari.pool.HikariPool        : HikariPool-1 - Added connection org.mariadb.jdbc.Connection@4a8ee777
2025-08-19T17:35:27.355+09:00  INFO 13976 --- [MySpringBootLab] [restartedMain] com.zaxxer.hikari.HikariDataSource       : HikariPool-1 - Start completed.
2025-08-19T17:35:27.377+09:00  WARN 13976 --- [MySpringBootLab] [restartedMain] org.hibernate.orm.deprecation            : HHH90000025: MariaDBDialect does not need to be specified explicitly using 'hibernate.dialect' (remove the property setting and it will be selected by default)
2025-08-19T17:35:27.392+09:00  INFO 13976 --- [MySpringBootLab] [restartedMain] org.hibernate.orm.connections.pooling    : HHH10001005: Database info:
	Database JDBC URL [Connecting through datasource 'HikariDataSource (HikariPool-1)']
	Database driver: undefined/unknown
	Database version: 10.11.5
	Autocommit mode: undefined/unknown
	Isolation level: undefined/unknown
	Minimum pool size: undefined/unknown
	Maximum pool size: undefined/unknown
2025-08-19T17:35:27.944+09:00  INFO 13976 --- [MySpringBootLab] [restartedMain] o.h.e.t.j.p.i.JtaPlatformInitiator       : HHH000489: No JTA platform available (set 'hibernate.transaction.jta.platform' to enable JTA platform integration)
2025-08-19T17:35:28.003+09:00  INFO 13976 --- [MySpringBootLab] [restartedMain] j.LocalContainerEntityManagerFactoryBean : Initialized JPA EntityManagerFactory for persistence unit 'default'
2025-08-19T17:35:28.411+09:00  WARN 13976 --- [MySpringBootLab] [restartedMain] JpaBaseConfiguration$JpaWebConfiguration : spring.jpa.open-in-view is enabled by default. Therefore, database queries may be performed during view rendering. Explicitly configure spring.jpa.open-in-view to disable this warning
2025-08-19T17:35:28.694+09:00  WARN 13976 --- [MySpringBootLab] [restartedMain] ion$DefaultTemplateResolverConfiguration : Cannot find template location: classpath:/templates/ (please add some templates, check your Thymeleaf configuration, or set spring.thymeleaf.check-template-location=false)
2025-08-19T17:35:28.901+09:00  INFO 13976 --- [MySpringBootLab] [restartedMain] o.s.b.a.h2.H2ConsoleAutoConfiguration    : H2 console available at '/h2-console'. Database available at 'jdbc:mariadb://127.0.0.1/lab_db?user=lab&password=***'
2025-08-19T17:35:28.940+09:00  INFO 13976 --- [MySpringBootLab] [restartedMain] o.s.b.d.a.OptionalLiveReloadServer       : LiveReload server is running on port 35729
2025-08-19T17:35:28.945+09:00  INFO 13976 --- [MySpringBootLab] [restartedMain] o.s.b.a.e.web.EndpointLinksResolver      : Exposing 1 endpoint beneath base path '/actuator'
2025-08-19T17:35:29.021+09:00  INFO 13976 --- [MySpringBootLab] [restartedMain] o.s.b.w.embedded.tomcat.TomcatWebServer  : Tomcat started on port 8080 (http) with context path '/'
2025-08-19T17:35:29.033+09:00  INFO 13976 --- [MySpringBootLab] [restartedMain] c.r.m.MySpringBootLabApplication         : Started MySpringBootLabApplication in 4.556 seconds (process running for 7.688)
2025-08-19T17:35:29.040+09:00  INFO 13976 --- [MySpringBootLab] [restartedMain] c.r.myspringbootlab.runner.MyPropRunner  : MyBootProperties getUsername() = Prod Env
2025-08-19T17:35:29.041+09:00  INFO 13976 --- [MySpringBootLab] [restartedMain] c.r.myspringbootlab.runner.MyPropRunner  : MyBootProperties getPort() = 54
2025-08-19T17:35:29.041+09:00  INFO 13976 --- [MySpringBootLab] [restartedMain] c.r.myspringbootlab.runner.MyPropRunner  : 설정된 Port 번호 = 8080
2025-08-19T17:35:29.041+09:00  INFO 13976 --- [MySpringBootLab] [restartedMain] c.r.myspringbootlab.runner.MyPropRunner  : 현재 활성화된 MyEnvironment Bean = MyEnvironment(mode=운영환경)
2025-08-19T17:35:57.546+09:00  INFO 13976 --- [MySpringBootLab] [http-nio-8080-exec-1] o.a.c.c.C.[Tomcat].[localhost].[/]       : Initializing Spring DispatcherServlet 'dispatcherServlet'
2025-08-19T17:35:57.546+09:00  INFO 13976 --- [MySpringBootLab] [http-nio-8080-exec-1] o.s.web.servlet.DispatcherServlet        : Initializing Servlet 'dispatcherServlet'
2025-08-19T17:35:57.549+09:00  INFO 13976 --- [MySpringBootLab] [http-nio-8080-exec-1] o.s.web.servlet.DispatcherServlet        : Completed initialization in 2 ms
2025-08-19T17:39:50.036+09:00  WARN 13976 --- [MySpringBootLab] [http-nio-8080-exec-9] .m.m.a.ExceptionHandlerExceptionResolver : Resolved [org.springframework.http.converter.HttpMessageNotReadableException: Required request body is missing: public com.rookies4.myspringbootlab.entity.Book com.rookies4.myspringbootlab.controller.BookController.update(java.lang.Long,com.rookies4.myspringbootlab.entity.Book)]
